2024-01-16 11:35:10 Failed to connect to the instance.
2024-01-16 11:35:25 An instance with SD tag is already running. Instance ID: i-08b5742af962fd603
2024-01-16 11:35:26 SSH config file updated successfully.
2024-01-16 11:35:37 Ping unsuccessful. Waiting for 20 seconds before trying again.
2024-01-16 11:59:23 Failed to connect to the instance.
2024-01-16 18:38:05 Failed to describe instances. Quitting
2024-01-16 18:43:28 An instance with SD tag is already running. Instance ID: i-0610f97d8d97d879f
2024-01-16 21:24:04 Waiting for the instance to be in a running state...
2024-01-16 21:24:16 Instance is running.
2024-01-16 21:24:17 Failed to start a session with the instance.
2024-01-16 21:24:58 An instance with SD tag is already running. Instance ID: i-0345416ccca3d26d6
2024-01-16 21:24:58 Failed to start a session with the instance.
2024-01-16 21:25:15 An instance with SD tag is already running. Instance ID: i-0345416ccca3d26d6
2024-01-16 21:26:26 Successfully started a session with the instance.
2024-01-17 14:58:47,885 Found credentials in shared credentials file: ~/.aws/credentials
2024-01-17 14:58:47,919 Found credentials in shared credentials file: ~/.aws/credentials
2024-01-17 14:59:05,544 Instance i-0c9a6a95a7b7b1acd is running.
2024-01-17 14:59:05,769 SSM agent is not correctly configured on the instance: i-0c9a6a95a7b7b1acd
2024-01-17 14:59:05,769 Failed to start a session with the instance.
2024-01-17 15:03:07,800 Found credentials in shared credentials file: ~/.aws/credentials
2024-01-17 15:03:07,817 Found credentials in shared credentials file: ~/.aws/credentials
2024-01-17 15:03:08,179 An instance with tag value 'sd' exists. Instance ID: i-0c9a6a95a7b7b1acd
2024-01-17 15:03:08,495 SSM agent is not correctly configured on the instance: i-0c9a6a95a7b7b1acd
2024-01-17 15:03:08,496 Failed to start a session with the instance.
